<?xml version="1.0" encoding="UTF-8"?>
<testsuite xmlns:xsi="http://www.w3.org/2001/XMLSchema-instance" xsi:noNamespaceSchemaLocation="https://maven.apache.org/surefire/maven-surefire-plugin/xsd/surefire-test-report-3.0.xsd" version="3.0" name="org.example.RunCucumberTest" time="1.342" tests="3" errors="0" skipped="0" failures="0">
  <properties>
    <property name="java.specification.version" value="21"/>
    <property name="sun.jnu.encoding" value="UTF-8"/>
    <property name="java.class.path" value="/home/cleuton/Documents/projetos/codigo/FormasPagamentoService/target/test-classes:/home/cleuton/Documents/projetos/codigo/FormasPagamentoService/target/classes:/home/cleuton/.m2/repository/io/cucumber/cucumber-java/7.15.0/cucumber-java-7.15.0.jar:/home/cleuton/.m2/repository/io/cucumber/cucumber-core/7.15.0/cucumber-core-7.15.0.jar:/home/cleuton/.m2/repository/io/cucumber/cucumber-gherkin/7.15.0/cucumber-gherkin-7.15.0.jar:/home/cleuton/.m2/repository/io/cucumber/cucumber-gherkin-messages/7.15.0/cucumber-gherkin-messages-7.15.0.jar:/home/cleuton/.m2/repository/io/cucumber/gherkin/26.2.0/gherkin-26.2.0.jar:/home/cleuton/.m2/repository/io/cucumber/messages/22.0.0/messages-22.0.0.jar:/home/cleuton/.m2/repository/io/cucumber/tag-expressions/6.0.0/tag-expressions-6.0.0.jar:/home/cleuton/.m2/repository/io/cucumber/cucumber-expressions/17.0.1/cucumber-expressions-17.0.1.jar:/home/cleuton/.m2/repository/io/cucumber/datatable/7.15.0/datatable-7.15.0.jar:/home/cleuton/.m2/repository/io/cucumber/cucumber-plugin/7.15.0/cucumber-plugin-7.15.0.jar:/home/cleuton/.m2/repository/io/cucumber/docstring/7.15.0/docstring-7.15.0.jar:/home/cleuton/.m2/repository/io/cucumber/html-formatter/20.4.0/html-formatter-20.4.0.jar:/home/cleuton/.m2/repository/io/cucumber/junit-xml-formatter/0.2.0/junit-xml-formatter-0.2.0.jar:/home/cleuton/.m2/repository/io/cucumber/ci-environment/10.0.0/ci-environment-10.0.0.jar:/home/cleuton/.m2/repository/org/apiguardian/apiguardian-api/1.1.2/apiguardian-api-1.1.2.jar:/home/cleuton/.m2/repository/io/cucumber/cucumber-junit-platform-engine/7.15.0/cucumber-junit-platform-engine-7.15.0.jar:/home/cleuton/.m2/repository/org/junit/platform/junit-platform-engine/1.10.1/junit-platform-engine-1.10.1.jar:/home/cleuton/.m2/repository/org/opentest4j/opentest4j/1.3.0/opentest4j-1.3.0.jar:/home/cleuton/.m2/repository/org/junit/platform/junit-platform-commons/1.10.1/junit-platform-commons-1.10.1.jar:/home/cleuton/.m2/repository/org/junit/jupiter/junit-jupiter-engine/5.10.2/junit-jupiter-engine-5.10.2.jar:/home/cleuton/.m2/repository/org/junit/jupiter/junit-jupiter-api/5.10.2/junit-jupiter-api-5.10.2.jar:/home/cleuton/.m2/repository/org/junit/jupiter/junit-jupiter/5.10.2/junit-jupiter-5.10.2.jar:/home/cleuton/.m2/repository/org/junit/jupiter/junit-jupiter-params/5.10.2/junit-jupiter-params-5.10.2.jar:/home/cleuton/.m2/repository/org/junit/platform/junit-platform-suite-engine/1.10.2/junit-platform-suite-engine-1.10.2.jar:/home/cleuton/.m2/repository/org/junit/platform/junit-platform-suite-api/1.10.2/junit-platform-suite-api-1.10.2.jar:/home/cleuton/.m2/repository/org/junit/platform/junit-platform-suite-commons/1.10.2/junit-platform-suite-commons-1.10.2.jar:/home/cleuton/.m2/repository/org/junit/platform/junit-platform-launcher/1.10.2/junit-platform-launcher-1.10.2.jar:/home/cleuton/.m2/repository/org/mockito/mockito-core/3.12.4/mockito-core-3.12.4.jar:/home/cleuton/.m2/repository/net/bytebuddy/byte-buddy/1.11.13/byte-buddy-1.11.13.jar:/home/cleuton/.m2/repository/net/bytebuddy/byte-buddy-agent/1.11.13/byte-buddy-agent-1.11.13.jar:/home/cleuton/.m2/repository/org/objenesis/objenesis/3.2/objenesis-3.2.jar:/home/cleuton/.m2/repository/org/jacoco/jacoco-maven-plugin/0.8.11/jacoco-maven-plugin-0.8.11.jar:/home/cleuton/.m2/repository/org/codehaus/plexus/plexus-utils/3.0.24/plexus-utils-3.0.24.jar:/home/cleuton/.m2/repository/org/apache/maven/shared/file-management/3.1.0/file-management-3.1.0.jar:/home/cleuton/.m2/repository/org/slf4j/slf4j-api/1.7.36/slf4j-api-1.7.36.jar:/home/cleuton/.m2/repository/commons-io/commons-io/2.11.0/commons-io-2.11.0.jar:/home/cleuton/.m2/repository/org/apache/maven/reporting/maven-reporting-api/3.0/maven-reporting-api-3.0.jar:/home/cleuton/.m2/repository/org/apache/maven/doxia/doxia-sink-api/1.0/doxia-sink-api-1.0.jar:/home/cleuton/.m2/repository/org/jacoco/org.jacoco.agent/0.8.11/org.jacoco.agent-0.8.11-runtime.jar:/home/cleuton/.m2/repository/org/jacoco/org.jacoco.core/0.8.11/org.jacoco.core-0.8.11.jar:/home/cleuton/.m2/repository/org/ow2/asm/asm/9.6/asm-9.6.jar:/home/cleuton/.m2/repository/org/ow2/asm/asm-commons/9.6/asm-commons-9.6.jar:/home/cleuton/.m2/repository/org/ow2/asm/asm-tree/9.6/asm-tree-9.6.jar:/home/cleuton/.m2/repository/org/jacoco/org.jacoco.report/0.8.11/org.jacoco.report-0.8.11.jar:/home/cleuton/.m2/repository/org/apache/maven/plugins/maven-surefire-plugin/3.2.5/maven-surefire-plugin-3.2.5.jar:/home/cleuton/.m2/repository/org/apache/maven/surefire/maven-surefire-common/3.2.5/maven-surefire-common-3.2.5.jar:/home/cleuton/.m2/repository/org/apache/maven/surefire/surefire-api/3.2.5/surefire-api-3.2.5.jar:/home/cleuton/.m2/repository/org/apache/maven/surefire/surefire-logger-api/3.2.5/surefire-logger-api-3.2.5.jar:/home/cleuton/.m2/repository/org/apache/maven/surefire/surefire-extensions-api/3.2.5/surefire-extensions-api-3.2.5.jar:/home/cleuton/.m2/repository/org/apache/maven/surefire/surefire-booter/3.2.5/surefire-booter-3.2.5.jar:/home/cleuton/.m2/repository/org/apache/maven/surefire/surefire-extensions-spi/3.2.5/surefire-extensions-spi-3.2.5.jar:/home/cleuton/.m2/repository/org/eclipse/aether/aether-util/1.0.0.v20140518/aether-util-1.0.0.v20140518.jar:/home/cleuton/.m2/repository/org/eclipse/aether/aether-api/1.0.0.v20140518/aether-api-1.0.0.v20140518.jar:/home/cleuton/.m2/repository/org/apache/maven/shared/maven-common-artifact-filters/3.1.1/maven-common-artifact-filters-3.1.1.jar:/home/cleuton/.m2/repository/org/apache/maven/maven-artifact/3.1.0/maven-artifact-3.1.0.jar:/home/cleuton/.m2/repository/org/apache/maven/maven-core/3.1.0/maven-core-3.1.0.jar:/home/cleuton/.m2/repository/org/apache/maven/maven-settings/3.1.0/maven-settings-3.1.0.jar:/home/cleuton/.m2/repository/org/apache/maven/maven-settings-builder/3.1.0/maven-settings-builder-3.1.0.jar:/home/cleuton/.m2/repository/org/apache/maven/maven-repository-metadata/3.1.0/maven-repository-metadata-3.1.0.jar:/home/cleuton/.m2/repository/org/apache/maven/maven-model-builder/3.1.0/maven-model-builder-3.1.0.jar:/home/cleuton/.m2/repository/org/apache/maven/maven-aether-provider/3.1.0/maven-aether-provider-3.1.0.jar:/home/cleuton/.m2/repository/org/eclipse/aether/aether-spi/0.9.0.M2/aether-spi-0.9.0.M2.jar:/home/cleuton/.m2/repository/org/eclipse/aether/aether-impl/0.9.0.M2/aether-impl-0.9.0.M2.jar:/home/cleuton/.m2/repository/org/eclipse/sisu/org.eclipse.sisu.plexus/0.0.0.M2a/org.eclipse.sisu.plexus-0.0.0.M2a.jar:/home/cleuton/.m2/repository/javax/enterprise/cdi-api/1.0/cdi-api-1.0.jar:/home/cleuton/.m2/repository/javax/annotation/jsr250-api/1.0/jsr250-api-1.0.jar:/home/cleuton/.m2/repository/javax/inject/javax.inject/1/javax.inject-1.jar:/home/cleuton/.m2/repository/com/google/guava/guava/10.0.1/guava-10.0.1.jar:/home/cleuton/.m2/repository/com/google/code/findbugs/jsr305/1.3.9/jsr305-1.3.9.jar:/home/cleuton/.m2/repository/org/sonatype/sisu/sisu-guice/3.1.0/sisu-guice-3.1.0-no_aop.jar:/home/cleuton/.m2/repository/aopalliance/aopalliance/1.0/aopalliance-1.0.jar:/home/cleuton/.m2/repository/org/eclipse/sisu/org.eclipse.sisu.inject/0.0.0.M2a/org.eclipse.sisu.inject-0.0.0.M2a.jar:/home/cleuton/.m2/repository/asm/asm/3.3.1/asm-3.3.1.jar:/home/cleuton/.m2/repository/org/codehaus/plexus/plexus-interpolation/1.16/plexus-interpolation-1.16.jar:/home/cleuton/.m2/repository/org/codehaus/plexus/plexus-classworlds/2.4.2/plexus-classworlds-2.4.2.jar:/home/cleuton/.m2/repository/org/codehaus/plexus/plexus-component-annotations/1.5.5/plexus-component-annotations-1.5.5.jar:/home/cleuton/.m2/repository/org/sonatype/plexus/plexus-sec-dispatcher/1.3/plexus-sec-dispatcher-1.3.jar:/home/cleuton/.m2/repository/org/sonatype/plexus/plexus-cipher/1.4/plexus-cipher-1.4.jar:/home/cleuton/.m2/repository/org/apache/maven/maven-plugin-api/3.1.0/maven-plugin-api-3.1.0.jar:/home/cleuton/.m2/repository/org/codehaus/plexus/plexus-java/1.2.0/plexus-java-1.2.0.jar:/home/cleuton/.m2/repository/com/thoughtworks/qdox/qdox/2.0.3/qdox-2.0.3.jar:/home/cleuton/.m2/repository/org/apache/maven/surefire/surefire-shared-utils/3.2.5/surefire-shared-utils-3.2.5.jar:"/>
    <property name="java.vm.vendor" value="Amazon.com Inc."/>
    <property name="sun.arch.data.model" value="64"/>
    <property name="java.vendor.url" value="https://aws.amazon.com/corretto/"/>
    <property name="user.timezone" value="America/Sao_Paulo"/>
    <property name="os.name" value="Linux"/>
    <property name="java.vm.specification.version" value="21"/>
    <property name="sun.java.launcher" value="SUN_STANDARD"/>
    <property name="user.country" value="US"/>
    <property name="sun.boot.library.path" value="/home/cleuton/.sdkman/candidates/java/21.0.2-amzn/lib"/>
    <property name="sun.java.command" value="/home/cleuton/Documents/projetos/codigo/FormasPagamentoService/target/surefire/surefirebooter-20240227182647812_3.jar /home/cleuton/Documents/projetos/codigo/FormasPagamentoService/target/surefire 2024-02-27T18-26-47_747-jvmRun1 surefire-20240227182647812_1tmp surefire_0-20240227182647812_2tmp"/>
    <property name="jdk.debug" value="release"/>
    <property name="surefire.test.class.path" value="/home/cleuton/Documents/projetos/codigo/FormasPagamentoService/target/test-classes:/home/cleuton/Documents/projetos/codigo/FormasPagamentoService/target/classes:/home/cleuton/.m2/repository/io/cucumber/cucumber-java/7.15.0/cucumber-java-7.15.0.jar:/home/cleuton/.m2/repository/io/cucumber/cucumber-core/7.15.0/cucumber-core-7.15.0.jar:/home/cleuton/.m2/repository/io/cucumber/cucumber-gherkin/7.15.0/cucumber-gherkin-7.15.0.jar:/home/cleuton/.m2/repository/io/cucumber/cucumber-gherkin-messages/7.15.0/cucumber-gherkin-messages-7.15.0.jar:/home/cleuton/.m2/repository/io/cucumber/gherkin/26.2.0/gherkin-26.2.0.jar:/home/cleuton/.m2/repository/io/cucumber/messages/22.0.0/messages-22.0.0.jar:/home/cleuton/.m2/repository/io/cucumber/tag-expressions/6.0.0/tag-expressions-6.0.0.jar:/home/cleuton/.m2/repository/io/cucumber/cucumber-expressions/17.0.1/cucumber-expressions-17.0.1.jar:/home/cleuton/.m2/repository/io/cucumber/datatable/7.15.0/datatable-7.15.0.jar:/home/cleuton/.m2/repository/io/cucumber/cucumber-plugin/7.15.0/cucumber-plugin-7.15.0.jar:/home/cleuton/.m2/repository/io/cucumber/docstring/7.15.0/docstring-7.15.0.jar:/home/cleuton/.m2/repository/io/cucumber/html-formatter/20.4.0/html-formatter-20.4.0.jar:/home/cleuton/.m2/repository/io/cucumber/junit-xml-formatter/0.2.0/junit-xml-formatter-0.2.0.jar:/home/cleuton/.m2/repository/io/cucumber/ci-environment/10.0.0/ci-environment-10.0.0.jar:/home/cleuton/.m2/repository/org/apiguardian/apiguardian-api/1.1.2/apiguardian-api-1.1.2.jar:/home/cleuton/.m2/repository/io/cucumber/cucumber-junit-platform-engine/7.15.0/cucumber-junit-platform-engine-7.15.0.jar:/home/cleuton/.m2/repository/org/junit/platform/junit-platform-engine/1.10.1/junit-platform-engine-1.10.1.jar:/home/cleuton/.m2/repository/org/opentest4j/opentest4j/1.3.0/opentest4j-1.3.0.jar:/home/cleuton/.m2/repository/org/junit/platform/junit-platform-commons/1.10.1/junit-platform-commons-1.10.1.jar:/home/cleuton/.m2/repository/org/junit/jupiter/junit-jupiter-engine/5.10.2/junit-jupiter-engine-5.10.2.jar:/home/cleuton/.m2/repository/org/junit/jupiter/junit-jupiter-api/5.10.2/junit-jupiter-api-5.10.2.jar:/home/cleuton/.m2/repository/org/junit/jupiter/junit-jupiter/5.10.2/junit-jupiter-5.10.2.jar:/home/cleuton/.m2/repository/org/junit/jupiter/junit-jupiter-params/5.10.2/junit-jupiter-params-5.10.2.jar:/home/cleuton/.m2/repository/org/junit/platform/junit-platform-suite-engine/1.10.2/junit-platform-suite-engine-1.10.2.jar:/home/cleuton/.m2/repository/org/junit/platform/junit-platform-suite-api/1.10.2/junit-platform-suite-api-1.10.2.jar:/home/cleuton/.m2/repository/org/junit/platform/junit-platform-suite-commons/1.10.2/junit-platform-suite-commons-1.10.2.jar:/home/cleuton/.m2/repository/org/junit/platform/junit-platform-launcher/1.10.2/junit-platform-launcher-1.10.2.jar:/home/cleuton/.m2/repository/org/mockito/mockito-core/3.12.4/mockito-core-3.12.4.jar:/home/cleuton/.m2/repository/net/bytebuddy/byte-buddy/1.11.13/byte-buddy-1.11.13.jar:/home/cleuton/.m2/repository/net/bytebuddy/byte-buddy-agent/1.11.13/byte-buddy-agent-1.11.13.jar:/home/cleuton/.m2/repository/org/objenesis/objenesis/3.2/objenesis-3.2.jar:/home/cleuton/.m2/repository/org/jacoco/jacoco-maven-plugin/0.8.11/jacoco-maven-plugin-0.8.11.jar:/home/cleuton/.m2/repository/org/codehaus/plexus/plexus-utils/3.0.24/plexus-utils-3.0.24.jar:/home/cleuton/.m2/repository/org/apache/maven/shared/file-management/3.1.0/file-management-3.1.0.jar:/home/cleuton/.m2/repository/org/slf4j/slf4j-api/1.7.36/slf4j-api-1.7.36.jar:/home/cleuton/.m2/repository/commons-io/commons-io/2.11.0/commons-io-2.11.0.jar:/home/cleuton/.m2/repository/org/apache/maven/reporting/maven-reporting-api/3.0/maven-reporting-api-3.0.jar:/home/cleuton/.m2/repository/org/apache/maven/doxia/doxia-sink-api/1.0/doxia-sink-api-1.0.jar:/home/cleuton/.m2/repository/org/jacoco/org.jacoco.agent/0.8.11/org.jacoco.agent-0.8.11-runtime.jar:/home/cleuton/.m2/repository/org/jacoco/org.jacoco.core/0.8.11/org.jacoco.core-0.8.11.jar:/home/cleuton/.m2/repository/org/ow2/asm/asm/9.6/asm-9.6.jar:/home/cleuton/.m2/repository/org/ow2/asm/asm-commons/9.6/asm-commons-9.6.jar:/home/cleuton/.m2/repository/org/ow2/asm/asm-tree/9.6/asm-tree-9.6.jar:/home/cleuton/.m2/repository/org/jacoco/org.jacoco.report/0.8.11/org.jacoco.report-0.8.11.jar:/home/cleuton/.m2/repository/org/apache/maven/plugins/maven-surefire-plugin/3.2.5/maven-surefire-plugin-3.2.5.jar:/home/cleuton/.m2/repository/org/apache/maven/surefire/maven-surefire-common/3.2.5/maven-surefire-common-3.2.5.jar:/home/cleuton/.m2/repository/org/apache/maven/surefire/surefire-api/3.2.5/surefire-api-3.2.5.jar:/home/cleuton/.m2/repository/org/apache/maven/surefire/surefire-logger-api/3.2.5/surefire-logger-api-3.2.5.jar:/home/cleuton/.m2/repository/org/apache/maven/surefire/surefire-extensions-api/3.2.5/surefire-extensions-api-3.2.5.jar:/home/cleuton/.m2/repository/org/apache/maven/surefire/surefire-booter/3.2.5/surefire-booter-3.2.5.jar:/home/cleuton/.m2/repository/org/apache/maven/surefire/surefire-extensions-spi/3.2.5/surefire-extensions-spi-3.2.5.jar:/home/cleuton/.m2/repository/org/eclipse/aether/aether-util/1.0.0.v20140518/aether-util-1.0.0.v20140518.jar:/home/cleuton/.m2/repository/org/eclipse/aether/aether-api/1.0.0.v20140518/aether-api-1.0.0.v20140518.jar:/home/cleuton/.m2/repository/org/apache/maven/shared/maven-common-artifact-filters/3.1.1/maven-common-artifact-filters-3.1.1.jar:/home/cleuton/.m2/repository/org/apache/maven/maven-artifact/3.1.0/maven-artifact-3.1.0.jar:/home/cleuton/.m2/repository/org/apache/maven/maven-core/3.1.0/maven-core-3.1.0.jar:/home/cleuton/.m2/repository/org/apache/maven/maven-settings/3.1.0/maven-settings-3.1.0.jar:/home/cleuton/.m2/repository/org/apache/maven/maven-settings-builder/3.1.0/maven-settings-builder-3.1.0.jar:/home/cleuton/.m2/repository/org/apache/maven/maven-repository-metadata/3.1.0/maven-repository-metadata-3.1.0.jar:/home/cleuton/.m2/repository/org/apache/maven/maven-model-builder/3.1.0/maven-model-builder-3.1.0.jar:/home/cleuton/.m2/repository/org/apache/maven/maven-aether-provider/3.1.0/maven-aether-provider-3.1.0.jar:/home/cleuton/.m2/repository/org/eclipse/aether/aether-spi/0.9.0.M2/aether-spi-0.9.0.M2.jar:/home/cleuton/.m2/repository/org/eclipse/aether/aether-impl/0.9.0.M2/aether-impl-0.9.0.M2.jar:/home/cleuton/.m2/repository/org/eclipse/sisu/org.eclipse.sisu.plexus/0.0.0.M2a/org.eclipse.sisu.plexus-0.0.0.M2a.jar:/home/cleuton/.m2/repository/javax/enterprise/cdi-api/1.0/cdi-api-1.0.jar:/home/cleuton/.m2/repository/javax/annotation/jsr250-api/1.0/jsr250-api-1.0.jar:/home/cleuton/.m2/repository/javax/inject/javax.inject/1/javax.inject-1.jar:/home/cleuton/.m2/repository/com/google/guava/guava/10.0.1/guava-10.0.1.jar:/home/cleuton/.m2/repository/com/google/code/findbugs/jsr305/1.3.9/jsr305-1.3.9.jar:/home/cleuton/.m2/repository/org/sonatype/sisu/sisu-guice/3.1.0/sisu-guice-3.1.0-no_aop.jar:/home/cleuton/.m2/repository/aopalliance/aopalliance/1.0/aopalliance-1.0.jar:/home/cleuton/.m2/repository/org/eclipse/sisu/org.eclipse.sisu.inject/0.0.0.M2a/org.eclipse.sisu.inject-0.0.0.M2a.jar:/home/cleuton/.m2/repository/asm/asm/3.3.1/asm-3.3.1.jar:/home/cleuton/.m2/repository/org/codehaus/plexus/plexus-interpolation/1.16/plexus-interpolation-1.16.jar:/home/cleuton/.m2/repository/org/codehaus/plexus/plexus-classworlds/2.4.2/plexus-classworlds-2.4.2.jar:/home/cleuton/.m2/repository/org/codehaus/plexus/plexus-component-annotations/1.5.5/plexus-component-annotations-1.5.5.jar:/home/cleuton/.m2/repository/org/sonatype/plexus/plexus-sec-dispatcher/1.3/plexus-sec-dispatcher-1.3.jar:/home/cleuton/.m2/repository/org/sonatype/plexus/plexus-cipher/1.4/plexus-cipher-1.4.jar:/home/cleuton/.m2/repository/org/apache/maven/maven-plugin-api/3.1.0/maven-plugin-api-3.1.0.jar:/home/cleuton/.m2/repository/org/codehaus/plexus/plexus-java/1.2.0/plexus-java-1.2.0.jar:/home/cleuton/.m2/repository/com/thoughtworks/qdox/qdox/2.0.3/qdox-2.0.3.jar:/home/cleuton/.m2/repository/org/apache/maven/surefire/surefire-shared-utils/3.2.5/surefire-shared-utils-3.2.5.jar:"/>
    <property name="sun.cpu.endian" value="little"/>
    <property name="user.home" value="/home/cleuton"/>
    <property name="user.language" value="en"/>
    <property name="java.specification.vendor" value="Oracle Corporation"/>
    <property name="java.version.date" value="2024-01-16"/>
    <property name="java.home" value="/home/cleuton/.sdkman/candidates/java/21.0.2-amzn"/>
    <property name="file.separator" value="/"/>
    <property name="basedir" value="/home/cleuton/Documents/projetos/codigo/FormasPagamentoService"/>
    <property name="java.vm.compressedOopsMode" value="Zero based"/>
    <property name="line.separator" value="&#10;"/>
    <property name="java.specification.name" value="Java Platform API Specification"/>
    <property name="java.vm.specification.vendor" value="Oracle Corporation"/>
    <property name="surefire.real.class.path" value="/home/cleuton/Documents/projetos/codigo/FormasPagamentoService/target/surefire/surefirebooter-20240227182647812_3.jar"/>
    <property name="sun.management.compiler" value="HotSpot 64-Bit Tiered Compilers"/>
    <property name="java.runtime.version" value="21.0.2+13-LTS"/>
    <property name="user.name" value="cleuton"/>
    <property name="stdout.encoding" value="UTF-8"/>
    <property name="path.separator" value=":"/>
    <property name="os.version" value="6.5.0-21-generic"/>
    <property name="java.runtime.name" value="OpenJDK Runtime Environment"/>
    <property name="file.encoding" value="UTF-8"/>
    <property name="java.vm.name" value="OpenJDK 64-Bit Server VM"/>
    <property name="java.vendor.version" value="Corretto-21.0.2.13.1"/>
    <property name="localRepository" value="/home/cleuton/.m2/repository"/>
    <property name="java.vendor.url.bug" value="https://github.com/corretto/corretto-21/issues/"/>
    <property name="java.io.tmpdir" value="/tmp"/>
    <property name="java.version" value="21.0.2"/>
    <property name="user.dir" value="/home/cleuton/Documents/projetos/codigo/FormasPagamentoService"/>
    <property name="os.arch" value="amd64"/>
    <property name="java.vm.specification.name" value="Java Virtual Machine Specification"/>
    <property name="native.encoding" value="UTF-8"/>
    <property name="java.library.path" value="/usr/java/packages/lib:/usr/lib64:/lib64:/lib:/usr/lib"/>
    <property name="java.vm.info" value="mixed mode, sharing"/>
    <property name="stderr.encoding" value="UTF-8"/>
    <property name="java.vendor" value="Amazon.com Inc."/>
    <property name="java.vm.version" value="21.0.2+13-LTS"/>
    <property name="sun.io.unicode.encoding" value="UnicodeLittle"/>
    <property name="java.class.version" value="65.0"/>
  </properties>
  <testcase name="Verificar formas de pagamento disponíveis para o cliente - Cliente elegível para múltiplas formas de pagamento - Examples - Example #1.1" classname="Verificar formas de pagamento disponíveis para o cliente - Cliente elegível para múltiplas formas de pagamento - Examples" time="0.604">
    <system-out><![CDATA[
Scenario Outline: Cliente elegível para múltiplas formas de pagamento                                                    &amp#27;[90m# src/test/resources/org/example/verificar_formas_pagamento.feature:11&amp#27;[0m
  &amp#27;[32mGiven &amp#27;[0m&amp#27;[32mum cliente com &amp#27;[0m&amp#27;[32m&amp#27;[1m6&amp#27;[0m&amp#27;[32m meses de cadastro, situação de crédito &amp#27;[0m&amp#27;[32m&amp#27;[1m"boa"&amp#27;[0m&amp#27;[32m, valor do último pedido &amp#27;[0m&amp#27;[32m&amp#27;[1m500&amp#27;[0m&amp#27;[32m e último pagamento &amp#27;[0m&amp#27;[32m&amp#27;[1m250&amp#27;[0m &amp#27;[90m# org.example.VerificarFormasPagamentoSteps.um_cliente_com_meses_de_cadastro_situacao_de_credito_valor_do_ultimo_pedido_e_ultimo_pagamento(int,java.lang.String,int,int)&amp#27;[0m
  &amp#27;[32mAnd &amp#27;[0m&amp#27;[32mum pedido com valor de entrada &amp#27;[0m&amp#27;[32m&amp#27;[1m100&amp#27;[0m&amp#27;[32m e valor total &amp#27;[0m&amp#27;[32m&amp#27;[1m500&amp#27;[0m                                                               &amp#27;[90m# org.example.VerificarFormasPagamentoSteps.um_pedido_com_valor_de_entrada_e_valor_total(int,int)&amp#27;[0m
  &amp#27;[32mWhen &amp#27;[0m&amp#27;[32mverificar as formas de pagamento disponíveis&amp#27;[0m                                                                      &amp#27;[90m# org.example.VerificarFormasPagamentoSteps.verificar_as_formas_de_pagamento_disponiveis()&amp#27;[0m
  &amp#27;[32mThen &amp#27;[0m&amp#27;[32mas formas de pagamento disponíveis devem ser &amp#27;[0m&amp#27;[32m&amp#27;[1mPagamento à vista, Pagamento em 2 vezes com juros&amp#27;[0m                    &amp#27;[90m# org.example.VerificarFormasPagamentoSteps.as_formas_de_pagamento_disponíveis_devem_ser(java.lang.String)&amp#27;[0m
]]></system-out>
    <system-err><![CDATA[Feb 27, 2024 6:26:48 PM io.cucumber.junit.platform.engine.DiscoverySelectorResolver warnWhenCucumberFeaturesPropertyIsUsed
WARNING: Discovering tests using the cucumber.features property. Other discovery selectors are ignored!
Please request/upvote/sponsor/ect better support for JUnit 5 discovery selectors.
See: https://github.com/cucumber/cucumber-jvm/pull/2498
]]></system-err>
  </testcase>
  <testcase name="Verificar formas de pagamento disponíveis para o cliente - Cliente elegível para múltiplas formas de pagamento - Examples - Example #1.2" classname="Verificar formas de pagamento disponíveis para o cliente - Cliente elegível para múltiplas formas de pagamento - Examples" time="0.013">
    <system-out><![CDATA[
Scenario Outline: Cliente elegível para múltiplas formas de pagamento                                                                                                 &amp#27;[90m# src/test/resources/org/example/verificar_formas_pagamento.feature:12&amp#27;[0m
  &amp#27;[32mGiven &amp#27;[0m&amp#27;[32mum cliente com &amp#27;[0m&amp#27;[32m&amp#27;[1m12&amp#27;[0m&amp#27;[32m meses de cadastro, situação de crédito &amp#27;[0m&amp#27;[32m&amp#27;[1m"boa"&amp#27;[0m&amp#27;[32m, valor do último pedido &amp#27;[0m&amp#27;[32m&amp#27;[1m1500&amp#27;[0m&amp#27;[32m e último pagamento &amp#27;[0m&amp#27;[32m&amp#27;[1m750&amp#27;[0m                                            &amp#27;[90m# org.example.VerificarFormasPagamentoSteps.um_cliente_com_meses_de_cadastro_situacao_de_credito_valor_do_ultimo_pedido_e_ultimo_pagamento(int,java.lang.String,int,int)&amp#27;[0m
  &amp#27;[32mAnd &amp#27;[0m&amp#27;[32mum pedido com valor de entrada &amp#27;[0m&amp#27;[32m&amp#27;[1m300&amp#27;[0m&amp#27;[32m e valor total &amp#27;[0m&amp#27;[32m&amp#27;[1m1500&amp#27;[0m                                                                                                           &amp#27;[90m# org.example.VerificarFormasPagamentoSteps.um_pedido_com_valor_de_entrada_e_valor_total(int,int)&amp#27;[0m
  &amp#27;[32mWhen &amp#27;[0m&amp#27;[32mverificar as formas de pagamento disponíveis&amp#27;[0m                                                                                                                   &amp#27;[90m# org.example.VerificarFormasPagamentoSteps.verificar_as_formas_de_pagamento_disponiveis()&amp#27;[0m
  &amp#27;[32mThen &amp#27;[0m&amp#27;[32mas formas de pagamento disponíveis devem ser &amp#27;[0m&amp#27;[32m&amp#27;[1mPagamento à vista, Pagamento em 2 vezes com juros, Pagamento em 3 vezes sem juros, Pagamento em 6 vezes sem juros&amp#27;[0m &amp#27;[90m# org.example.VerificarFormasPagamentoSteps.as_formas_de_pagamento_disponíveis_devem_ser(java.lang.String)&amp#27;[0m
]]></system-out>
  </testcase>
  <testcase name="Verificar formas de pagamento disponíveis para o cliente - Cliente elegível para múltiplas formas de pagamento - Examples - Example #1.3" classname="Verificar formas de pagamento disponíveis para o cliente - Cliente elegível para múltiplas formas de pagamento - Examples" time="0.013">
    <system-out><![CDATA[
Scenario Outline: Cliente elegível para múltiplas formas de pagamento                                                        &amp#27;[90m# src/test/resources/org/example/verificar_formas_pagamento.feature:13&amp#27;[0m
  &amp#27;[32mGiven &amp#27;[0m&amp#27;[32mum cliente com &amp#27;[0m&amp#27;[32m&amp#27;[1m7&amp#27;[0m&amp#27;[32m meses de cadastro, situação de crédito &amp#27;[0m&amp#27;[32m&amp#27;[1m"regular"&amp#27;[0m&amp#27;[32m, valor do último pedido &amp#27;[0m&amp#27;[32m&amp#27;[1m800&amp#27;[0m&amp#27;[32m e último pagamento &amp#27;[0m&amp#27;[32m&amp#27;[1m400&amp#27;[0m &amp#27;[90m# org.example.VerificarFormasPagamentoSteps.um_cliente_com_meses_de_cadastro_situacao_de_credito_valor_do_ultimo_pedido_e_ultimo_pagamento(int,java.lang.String,int,int)&amp#27;[0m
  &amp#27;[32mAnd &amp#27;[0m&amp#27;[32mum pedido com valor de entrada &amp#27;[0m&amp#27;[32m&amp#27;[1m200&amp#27;[0m&amp#27;[32m e valor total &amp#27;[0m&amp#27;[32m&amp#27;[1m1000&amp#27;[0m                                                                  &amp#27;[90m# org.example.VerificarFormasPagamentoSteps.um_pedido_com_valor_de_entrada_e_valor_total(int,int)&amp#27;[0m
  &amp#27;[32mWhen &amp#27;[0m&amp#27;[32mverificar as formas de pagamento disponíveis&amp#27;[0m                                                                          &amp#27;[90m# org.example.VerificarFormasPagamentoSteps.verificar_as_formas_de_pagamento_disponiveis()&amp#27;[0m
  &amp#27;[32mThen &amp#27;[0m&amp#27;[32mas formas de pagamento disponíveis devem ser &amp#27;[0m&amp#27;[32m&amp#27;[1mPagamento à vista, Pagamento em 2 vezes com juros&amp#27;[0m                        &amp#27;[90m# org.example.VerificarFormasPagamentoSteps.as_formas_de_pagamento_disponíveis_devem_ser(java.lang.String)&amp#27;[0m
]]></system-out>
  </testcase>
</testsuite>